<?xml version="1.0" encoding="UTF-8"?>
<testsuite xmlns:xsi="http://www.w3.org/2001/XMLSchema-instance" xsi:noNamespaceSchemaLocation="https://maven.apache.org/surefire/maven-surefire-plugin/xsd/surefire-test-report.xsd" name="com.xuecheng.test.fastdfs.TestFastDFS" time="30.004" tests="2" errors="0" skipped="0" failures="0">
  <properties>
    <property name="sun.desktop" value="windows"/>
    <property name="awt.toolkit" value="sun.awt.windows.WToolkit"/>
    <property name="file.encoding.pkg" value="sun.io"/>
    <property name="java.specification.version" value="1.8"/>
    <property name="sun.cpu.isalist" value="amd64"/>
    <property name="sun.jnu.encoding" value="GBK"/>
    <property name="java.class.path" value="D:\xcAlbaba\test-fastdfs\target\test-classes;D:\xcAlbaba\test-fastdfs\target\classes;D:\report\org\springframework\boot\spring-boot-starter-web\2.0.1.RELEASE\spring-boot-starter-web-2.0.1.RELEASE.jar;D:\report\org\springframework\boot\spring-boot-starter\2.0.1.RELEASE\spring-boot-starter-2.0.1.RELEASE.jar;D:\report\org\springframework\boot\spring-boot\2.0.1.RELEASE\spring-boot-2.0.1.RELEASE.jar;D:\report\org\springframework\boot\spring-boot-autoconfigure\2.0.1.RELEASE\spring-boot-autoconfigure-2.0.1.RELEASE.jar;D:\report\org\springframework\boot\spring-boot-starter-logging\2.0.1.RELEASE\spring-boot-starter-logging-2.0.1.RELEASE.jar;D:\report\ch\qos\logback\logback-classic\1.2.3\logback-classic-1.2.3.jar;D:\report\ch\qos\logback\logback-core\1.2.3\logback-core-1.2.3.jar;D:\report\org\apache\logging\log4j\log4j-to-slf4j\2.10.0\log4j-to-slf4j-2.10.0.jar;D:\report\org\apache\logging\log4j\log4j-api\2.10.0\log4j-api-2.10.0.jar;D:\report\org\slf4j\jul-to-slf4j\1.7.25\jul-to-slf4j-1.7.25.jar;D:\report\javax\annotation\javax.annotation-api\1.3.2\javax.annotation-api-1.3.2.jar;D:\report\org\yaml\snakeyaml\1.19\snakeyaml-1.19.jar;D:\report\org\springframework\boot\spring-boot-starter-json\2.0.1.RELEASE\spring-boot-starter-json-2.0.1.RELEASE.jar;D:\report\com\fasterxml\jackson\core\jackson-databind\2.9.5\jackson-databind-2.9.5.jar;D:\report\com\fasterxml\jackson\core\jackson-annotations\2.9.0\jackson-annotations-2.9.0.jar;D:\report\com\fasterxml\jackson\core\jackson-core\2.9.5\jackson-core-2.9.5.jar;D:\report\com\fasterxml\jackson\datatype\jackson-datatype-jdk8\2.9.5\jackson-datatype-jdk8-2.9.5.jar;D:\report\com\fasterxml\jackson\datatype\jackson-datatype-jsr310\2.9.5\jackson-datatype-jsr310-2.9.5.jar;D:\report\com\fasterxml\jackson\module\jackson-module-parameter-names\2.9.5\jackson-module-parameter-names-2.9.5.jar;D:\report\org\springframework\boot\spring-boot-starter-tomcat\2.0.1.RELEASE\spring-boot-starter-tomcat-2.0.1.RELEASE.jar;D:\report\org\apache\tomcat\embed\tomcat-embed-core\8.5.28\tomcat-embed-core-8.5.28.jar;D:\report\org\apache\tomcat\embed\tomcat-embed-el\8.5.28\tomcat-embed-el-8.5.28.jar;D:\report\org\apache\tomcat\embed\tomcat-embed-websocket\8.5.28\tomcat-embed-websocket-8.5.28.jar;D:\report\org\hibernate\validator\hibernate-validator\6.0.9.Final\hibernate-validator-6.0.9.Final.jar;D:\report\javax\validation\validation-api\2.0.1.Final\validation-api-2.0.1.Final.jar;D:\report\org\jboss\logging\jboss-logging\3.3.2.Final\jboss-logging-3.3.2.Final.jar;D:\report\com\fasterxml\classmate\1.3.4\classmate-1.3.4.jar;D:\report\org\springframework\spring-web\5.0.5.RELEASE\spring-web-5.0.5.RELEASE.jar;D:\report\org\springframework\spring-beans\5.0.5.RELEASE\spring-beans-5.0.5.RELEASE.jar;D:\report\org\springframework\spring-webmvc\5.0.5.RELEASE\spring-webmvc-5.0.5.RELEASE.jar;D:\report\org\springframework\spring-aop\5.0.5.RELEASE\spring-aop-5.0.5.RELEASE.jar;D:\report\org\springframework\spring-context\5.0.5.RELEASE\spring-context-5.0.5.RELEASE.jar;D:\report\org\springframework\spring-expression\5.0.5.RELEASE\spring-expression-5.0.5.RELEASE.jar;D:\report\net\oschina\zcx7878\fastdfs-client-java\1.27.0.0\fastdfs-client-java-1.27.0.0.jar;D:\report\org\springframework\boot\spring-boot-starter-test\2.0.1.RELEASE\spring-boot-starter-test-2.0.1.RELEASE.jar;D:\report\org\springframework\boot\spring-boot-test\2.0.1.RELEASE\spring-boot-test-2.0.1.RELEASE.jar;D:\report\org\springframework\boot\spring-boot-test-autoconfigure\2.0.1.RELEASE\spring-boot-test-autoconfigure-2.0.1.RELEASE.jar;D:\report\com\jayway\jsonpath\json-path\2.4.0\json-path-2.4.0.jar;D:\report\net\minidev\json-smart\2.3\json-smart-2.3.jar;D:\report\net\minidev\accessors-smart\1.2\accessors-smart-1.2.jar;D:\report\org\ow2\asm\asm\5.0.4\asm-5.0.4.jar;D:\report\org\slf4j\slf4j-api\1.7.25\slf4j-api-1.7.25.jar;D:\report\junit\junit\4.12\junit-4.12.jar;D:\report\org\assertj\assertj-core\3.9.1\assertj-core-3.9.1.jar;D:\report\org\mockito\mockito-core\2.15.0\mockito-core-2.15.0.jar;D:\report\net\bytebuddy\byte-buddy\1.7.11\byte-buddy-1.7.11.jar;D:\report\net\bytebuddy\byte-buddy-agent\1.7.11\byte-buddy-agent-1.7.11.jar;D:\report\org\objenesis\objenesis\2.6\objenesis-2.6.jar;D:\report\org\hamcrest\hamcrest-core\1.3\hamcrest-core-1.3.jar;D:\report\org\hamcrest\hamcrest-library\1.3\hamcrest-library-1.3.jar;D:\report\org\skyscreamer\jsonassert\1.5.0\jsonassert-1.5.0.jar;D:\report\com\vaadin\external\google\android-json\0.0.20131108.vaadin1\android-json-0.0.20131108.vaadin1.jar;D:\report\org\springframework\spring-core\5.0.5.RELEASE\spring-core-5.0.5.RELEASE.jar;D:\report\org\springframework\spring-jcl\5.0.5.RELEASE\spring-jcl-5.0.5.RELEASE.jar;D:\report\org\springframework\spring-test\5.0.5.RELEASE\spring-test-5.0.5.RELEASE.jar;D:\report\org\xmlunit\xmlunit-core\2.5.1\xmlunit-core-2.5.1.jar;D:\report\commons-io\commons-io\1.3.2\commons-io-1.3.2.jar;"/>
    <property name="java.vm.vendor" value="Oracle Corporation"/>
    <property name="sun.arch.data.model" value="64"/>
    <property name="user.variant" value=""/>
    <property name="java.vendor.url" value="http://java.oracle.com/"/>
    <property name="user.timezone" value=""/>
    <property name="java.vm.specification.version" value="1.8"/>
    <property name="os.name" value="Windows 10"/>
    <property name="user.country" value="CN"/>
    <property name="sun.java.launcher" value="SUN_STANDARD"/>
    <property name="sun.boot.library.path" value="D:\JDK-1.8\jdk\jre\bin"/>
    <property name="sun.java.command" value="C:\Users\ADMINI~1\AppData\Local\Temp\surefire960557936874231494\surefirebooter507637236244848811.jar C:\Users\Administrator\AppData\Local\Temp\surefire960557936874231494 2019-04-25T15-34-25_715-jvmRun1 surefire1952363866677375459tmp surefire_02171239264801690838tmp"/>
    <property name="surefire.test.class.path" value="D:\xcAlbaba\test-fastdfs\target\test-classes;D:\xcAlbaba\test-fastdfs\target\classes;D:\report\org\springframework\boot\spring-boot-starter-web\2.0.1.RELEASE\spring-boot-starter-web-2.0.1.RELEASE.jar;D:\report\org\springframework\boot\spring-boot-starter\2.0.1.RELEASE\spring-boot-starter-2.0.1.RELEASE.jar;D:\report\org\springframework\boot\spring-boot\2.0.1.RELEASE\spring-boot-2.0.1.RELEASE.jar;D:\report\org\springframework\boot\spring-boot-autoconfigure\2.0.1.RELEASE\spring-boot-autoconfigure-2.0.1.RELEASE.jar;D:\report\org\springframework\boot\spring-boot-starter-logging\2.0.1.RELEASE\spring-boot-starter-logging-2.0.1.RELEASE.jar;D:\report\ch\qos\logback\logback-classic\1.2.3\logback-classic-1.2.3.jar;D:\report\ch\qos\logback\logback-core\1.2.3\logback-core-1.2.3.jar;D:\report\org\apache\logging\log4j\log4j-to-slf4j\2.10.0\log4j-to-slf4j-2.10.0.jar;D:\report\org\apache\logging\log4j\log4j-api\2.10.0\log4j-api-2.10.0.jar;D:\report\org\slf4j\jul-to-slf4j\1.7.25\jul-to-slf4j-1.7.25.jar;D:\report\javax\annotation\javax.annotation-api\1.3.2\javax.annotation-api-1.3.2.jar;D:\report\org\yaml\snakeyaml\1.19\snakeyaml-1.19.jar;D:\report\org\springframework\boot\spring-boot-starter-json\2.0.1.RELEASE\spring-boot-starter-json-2.0.1.RELEASE.jar;D:\report\com\fasterxml\jackson\core\jackson-databind\2.9.5\jackson-databind-2.9.5.jar;D:\report\com\fasterxml\jackson\core\jackson-annotations\2.9.0\jackson-annotations-2.9.0.jar;D:\report\com\fasterxml\jackson\core\jackson-core\2.9.5\jackson-core-2.9.5.jar;D:\report\com\fasterxml\jackson\datatype\jackson-datatype-jdk8\2.9.5\jackson-datatype-jdk8-2.9.5.jar;D:\report\com\fasterxml\jackson\datatype\jackson-datatype-jsr310\2.9.5\jackson-datatype-jsr310-2.9.5.jar;D:\report\com\fasterxml\jackson\module\jackson-module-parameter-names\2.9.5\jackson-module-parameter-names-2.9.5.jar;D:\report\org\springframework\boot\spring-boot-starter-tomcat\2.0.1.RELEASE\spring-boot-starter-tomcat-2.0.1.RELEASE.jar;D:\report\org\apache\tomcat\embed\tomcat-embed-core\8.5.28\tomcat-embed-core-8.5.28.jar;D:\report\org\apache\tomcat\embed\tomcat-embed-el\8.5.28\tomcat-embed-el-8.5.28.jar;D:\report\org\apache\tomcat\embed\tomcat-embed-websocket\8.5.28\tomcat-embed-websocket-8.5.28.jar;D:\report\org\hibernate\validator\hibernate-validator\6.0.9.Final\hibernate-validator-6.0.9.Final.jar;D:\report\javax\validation\validation-api\2.0.1.Final\validation-api-2.0.1.Final.jar;D:\report\org\jboss\logging\jboss-logging\3.3.2.Final\jboss-logging-3.3.2.Final.jar;D:\report\com\fasterxml\classmate\1.3.4\classmate-1.3.4.jar;D:\report\org\springframework\spring-web\5.0.5.RELEASE\spring-web-5.0.5.RELEASE.jar;D:\report\org\springframework\spring-beans\5.0.5.RELEASE\spring-beans-5.0.5.RELEASE.jar;D:\report\org\springframework\spring-webmvc\5.0.5.RELEASE\spring-webmvc-5.0.5.RELEASE.jar;D:\report\org\springframework\spring-aop\5.0.5.RELEASE\spring-aop-5.0.5.RELEASE.jar;D:\report\org\springframework\spring-context\5.0.5.RELEASE\spring-context-5.0.5.RELEASE.jar;D:\report\org\springframework\spring-expression\5.0.5.RELEASE\spring-expression-5.0.5.RELEASE.jar;D:\report\net\oschina\zcx7878\fastdfs-client-java\1.27.0.0\fastdfs-client-java-1.27.0.0.jar;D:\report\org\springframework\boot\spring-boot-starter-test\2.0.1.RELEASE\spring-boot-starter-test-2.0.1.RELEASE.jar;D:\report\org\springframework\boot\spring-boot-test\2.0.1.RELEASE\spring-boot-test-2.0.1.RELEASE.jar;D:\report\org\springframework\boot\spring-boot-test-autoconfigure\2.0.1.RELEASE\spring-boot-test-autoconfigure-2.0.1.RELEASE.jar;D:\report\com\jayway\jsonpath\json-path\2.4.0\json-path-2.4.0.jar;D:\report\net\minidev\json-smart\2.3\json-smart-2.3.jar;D:\report\net\minidev\accessors-smart\1.2\accessors-smart-1.2.jar;D:\report\org\ow2\asm\asm\5.0.4\asm-5.0.4.jar;D:\report\org\slf4j\slf4j-api\1.7.25\slf4j-api-1.7.25.jar;D:\report\junit\junit\4.12\junit-4.12.jar;D:\report\org\assertj\assertj-core\3.9.1\assertj-core-3.9.1.jar;D:\report\org\mockito\mockito-core\2.15.0\mockito-core-2.15.0.jar;D:\report\net\bytebuddy\byte-buddy\1.7.11\byte-buddy-1.7.11.jar;D:\report\net\bytebuddy\byte-buddy-agent\1.7.11\byte-buddy-agent-1.7.11.jar;D:\report\org\objenesis\objenesis\2.6\objenesis-2.6.jar;D:\report\org\hamcrest\hamcrest-core\1.3\hamcrest-core-1.3.jar;D:\report\org\hamcrest\hamcrest-library\1.3\hamcrest-library-1.3.jar;D:\report\org\skyscreamer\jsonassert\1.5.0\jsonassert-1.5.0.jar;D:\report\com\vaadin\external\google\android-json\0.0.20131108.vaadin1\android-json-0.0.20131108.vaadin1.jar;D:\report\org\springframework\spring-core\5.0.5.RELEASE\spring-core-5.0.5.RELEASE.jar;D:\report\org\springframework\spring-jcl\5.0.5.RELEASE\spring-jcl-5.0.5.RELEASE.jar;D:\report\org\springframework\spring-test\5.0.5.RELEASE\spring-test-5.0.5.RELEASE.jar;D:\report\org\xmlunit\xmlunit-core\2.5.1\xmlunit-core-2.5.1.jar;D:\report\commons-io\commons-io\1.3.2\commons-io-1.3.2.jar;"/>
    <property name="sun.cpu.endian" value="little"/>
    <property name="user.home" value="C:\Users\Administrator"/>
    <property name="user.language" value="zh"/>
    <property name="java.specification.vendor" value="Oracle Corporation"/>
    <property name="java.home" value="D:\JDK-1.8\jdk\jre"/>
    <property name="basedir" value="D:\xcAlbaba\test-fastdfs"/>
    <property name="file.separator" value="\"/>
    <property name="line.separator" value="&#10;"/>
    <property name="java.vm.specification.vendor" value="Oracle Corporation"/>
    <property name="java.specification.name" value="Java Platform API Specification"/>
    <property name="java.awt.graphicsenv" value="sun.awt.Win32GraphicsEnvironment"/>
    <property name="surefire.real.class.path" value="C:\Users\ADMINI~1\AppData\Local\Temp\surefire960557936874231494\surefirebooter507637236244848811.jar"/>
    <property name="sun.boot.class.path" value="D:\JDK-1.8\jdk\jre\lib\resources.jar;D:\JDK-1.8\jdk\jre\lib\rt.jar;D:\JDK-1.8\jdk\jre\lib\sunrsasign.jar;D:\JDK-1.8\jdk\jre\lib\jsse.jar;D:\JDK-1.8\jdk\jre\lib\jce.jar;D:\JDK-1.8\jdk\jre\lib\charsets.jar;D:\JDK-1.8\jdk\jre\lib\jfr.jar;D:\JDK-1.8\jdk\jre\classes"/>
    <property name="user.script" value=""/>
    <property name="sun.management.compiler" value="HotSpot 64-Bit Tiered Compilers"/>
    <property name="java.runtime.version" value="1.8.0_92-b14"/>
    <property name="user.name" value="Administrator"/>
    <property name="path.separator" value=";"/>
    <property name="os.version" value="10.0"/>
    <property name="java.endorsed.dirs" value="D:\JDK-1.8\jdk\jre\lib\endorsed"/>
    <property name="java.runtime.name" value="Java(TM) SE Runtime Environment"/>
    <property name="file.encoding" value="GBK"/>
    <property name="java.vm.name" value="Java HotSpot(TM) 64-Bit Server VM"/>
    <property name="localRepository" value="D:\report"/>
    <property name="java.vendor.url.bug" value="http://bugreport.sun.com/bugreport/"/>
    <property name="java.io.tmpdir" value="C:\Users\ADMINI~1\AppData\Local\Temp\"/>
    <property name="idea.version" value="2018.3.4"/>
    <property name="java.version" value="1.8.0_92"/>
    <property name="user.dir" value="D:\xcAlbaba\test-fastdfs"/>
    <property name="os.arch" value="amd64"/>
    <property name="java.vm.specification.name" value="Java Virtual Machine Specification"/>
    <property name="java.awt.printerjob" value="sun.awt.windows.WPrinterJob"/>
    <property name="sun.os.patch.level" value=""/>
    <property name="java.library.path" value="D:\JDK-1.8\jdk\jre\bin;C:\WINDOWS\Sun\Java\bin;C:\WINDOWS\system32;C:\WINDOWS;C:\Windows\system32;C:\Windows;C:\Windows\System32\Wbem;C:\Windows\System32\WindowsPowerShell\v1.0\;C:\Program Files (x86)\NVIDIA Corporation\PhysX\Common;&quot;D:\JDK-1.8\jdk\bin;D:\JDK-1.8\jdk\jre\bin;&quot;;D:\apache-tomcat-7.0.67\bin;C:\Program Files (x86)\MySQL\MySQL Server 5.5\bin;C:\WINDOWS\system32;C:\WINDOWS;C:\WINDOWS\System32\Wbem;C:\WINDOWS\System32\WindowsPowerShell\v1.0\;C:\WINDOWS\System32\OpenSSH\;E:\TortoiseGit\bin;D:\Python36;D:\Python36\Scripts;C:\Program Files (x86)\Windows Kits\8.1\Windows Performance Toolkit\;F:\Git\cmd;D:\Python36\Scripts\;D:\Python36\;C:\Users\Administrator\AppData\Local\Microsoft\WindowsApps;E:\Microsoft VS Code\bin;D:\Microsoft VS Code\bin;E:\JetBrains\IntelliJ IDEA 2018.3.4\bin;;;E:\Fiddler;."/>
    <property name="java.vm.info" value="mixed mode"/>
    <property name="java.vendor" value="Oracle Corporation"/>
    <property name="java.vm.version" value="25.92-b14"/>
    <property name="java.ext.dirs" value="D:\JDK-1.8\jdk\jre\lib\ext;C:\WINDOWS\Sun\Java\lib\ext"/>
    <property name="sun.io.unicode.encoding" value="UnicodeLittle"/>
    <property name="maven.repo.local" value="D:\report"/>
    <property name="java.class.version" value="52.0"/>
  </properties>
  <testcase name="testUpload" classname="com.xuecheng.test.fastdfs.TestFastDFS" time="11.112"/>
  <testcase name="testDownload" classname="com.xuecheng.test.fastdfs.TestFastDFS" time="15.015"/>
</testsuite>